app/build/outputs/logs/manifest-merger-debug-report.txt
-- Merging decision tree log ---
manifest
ADDED from src\main\AndroidManifest.xml:2:1-79:12
	package
		ADDED from src\main\AndroidManifest.xml:3:5-41
		INJECTED from src\main\AndroidManifest.xml
		INJECTED from src\main\AndroidManifest.xml
	android:versionName
		ADDED from src\main\AndroidManifest.xml:5:5-30
		INJECTED from src\main\AndroidManifest.xml
		INJECTED from src\main\AndroidManifest.xml
	android:versionCode
		ADDED from src\main\AndroidManifest.xml:4:5-28
		INJECTED from src\main\AndroidManifest.xml
		INJECTED from src\main\AndroidManifest.xml
	xmlns:android
		ADDED from src\main\AndroidManifest.xml:2:11-69
uses-sdk
ADDED from src\main\AndroidManifest.xml:7:5-44
MERGED from [com.android.support:appcompat-v7:21.0.3] AndroidManifest.xml:15:5-42
MERGED from [com.android.support:support-v4:21.0.3] AndroidManifest.xml:15:5-42
MERGED from [net.zetetic:android-database-sqlcipher:3.5.7] AndroidManifest.xml:3:3-40
	android:targetSdkVersion
		INJECTED from src\main\AndroidManifest.xml
		INJECTED from src\main\AndroidManifest.xml
	android:minSdkVersion
		ADDED from src\main\AndroidManifest.xml:7:15-41
		INJECTED from src\main\AndroidManifest.xml
		INJECTED from src\main\AndroidManifest.xml
application
ADDED from src\main\AndroidManifest.xml:9:7-64:19
MERGED from [com.android.support:appcompat-v7:21.0.3] AndroidManifest.xml:16:5-19
MERGED from [com.android.support:support-v4:21.0.3] AndroidManifest.xml:16:5-19
	android:label
		ADDED from src\main\AndroidManifest.xml:12:9-41
	android:allowBackup
		ADDED from src\main\AndroidManifest.xml:10:9-35
	android:icon
		ADDED from src\main\AndroidManifest.xml:11:9-45
	android:theme
		ADDED from src\main\AndroidManifest.xml:13:9-48
activity#swk.application.activities.DetailActivity
ADDED from src\main\AndroidManifest.xml:14:9-17:20
	android:label
		ADDED from src\main\AndroidManifest.xml:16:13-45
	android:name
		ADDED from src\main\AndroidManifest.xml:15:13-43
activity#swk.application.activities.SelectionActivity
ADDED from src\main\AndroidManifest.xml:19:9-23:20
	android:label
		ADDED from src\main\AndroidManifest.xml:21:13-61
	android:name
		ADDED from src\main\AndroidManifest.xml:20:13-46
activity#swk.application.helper.CaptureSignature
ADDED from src\main\AndroidManifest.xml:24:9-26:64
	android:label
		ADDED from src\main\AndroidManifest.xml:26:13-61
	android:name
		ADDED from src\main\AndroidManifest.xml:25:13-67
activity#swk.application.activities.AgreementActivity
ADDED from src\main\AndroidManifest.xml:27:9-30:20
	android:label
		ADDED from src\main\AndroidManifest.xml:29:13-61
	android:name
		ADDED from src\main\AndroidManifest.xml:28:13-46
activity#swk.application.activities.SplashScreen
ADDED from src\main\AndroidManifest.xml:32:9-42:24
	android:screenOrientation
		ADDED from src\main\AndroidManifest.xml:35:13-49
	android:label
		ADDED from src\main\AndroidManifest.xml:34:13-64
	android:theme
		ADDED from src\main\AndroidManifest.xml:36:13-66
	android:name
		ADDED from src\main\AndroidManifest.xml:33:13-41
intent-filter#android.intent.action.MAIN+android.intent.category.LAUNCHER
ADDED from src\main\AndroidManifest.xml:37:13-41:29
action#android.intent.action.MAIN
ADDED from src\main\AndroidManifest.xml:38:17-69
	android:name
		ADDED from src\main\AndroidManifest.xml:38:25-66
category#android.intent.category.LAUNCHER
ADDED from src\main\AndroidManifest.xml:40:17-77
	android:name
		ADDED from src\main\AndroidManifest.xml:40:27-74
activity#swk.application.activities.ForbiddenScreen
ADDED from src\main\AndroidManifest.xml:43:16-49:20
	android:screenOrientation
		ADDED from src\main\AndroidManifest.xml:46:13-49
	android:label
		ADDED from src\main\AndroidManifest.xml:45:13-41
	android:theme
		ADDED from src\main\AndroidManifest.xml:47:13-66
	android:name
		ADDED from src\main\AndroidManifest.xml:44:13-44
activity#swk.application.activities.LoginActivity
ADDED from src\main\AndroidManifest.xml:50:9-55:20
	android:label
		ADDED from src\main\AndroidManifest.xml:52:13-57
	android:windowSoftInputMode
		ADDED from src\main\AndroidManifest.xml:53:13-68
	android:name
		ADDED from src\main\AndroidManifest.xml:51:13-42
activity#swk.application.activities.AssignmentActivity
ADDED from src\main\AndroidManifest.xml:56:9-59:20
	android:label
		ADDED from src\main\AndroidManifest.xml:58:13-66
	android:name
		ADDED from src\main\AndroidManifest.xml:57:13-47
activity#swk.application.activities.VertragActivity
ADDED from src\main\AndroidManifest.xml:60:9-63:20
	android:label
		ADDED from src\main\AndroidManifest.xml:62:13-56
	android:name
		ADDED from src\main\AndroidManifest.xml:61:13-44
uses-permission#android.permission.GET_ACCOUNTS
ADDED from src\main\AndroidManifest.xml:66:5-71
	android:name
		ADDED from src\main\AndroidManifest.xml:66:22-68
uses-permission#android.permission.READ_PROFILE
ADDED from src\main\AndroidManifest.xml:67:5-71
	android:name
		ADDED from src\main\AndroidManifest.xml:67:22-68
uses-permission#android.permission.READ_CONTACTS
ADDED from src\main\AndroidManifest.xml:68:5-72
	android:name
		ADDED from src\main\AndroidManifest.xml:68:22-69
uses-permission#android.permission.INTERNET
ADDED from src\main\AndroidManifest.xml:70:5-67
	android:name
		ADDED from src\main\AndroidManifest.xml:70:22-64
uses-permission#android.permission.ACCESS_NETWORK_STATE
ADDED from src\main\AndroidManifest.xml:72:5-79
	android:name
		ADDED from src\main\AndroidManifest.xml:72:22-76
uses-permission#android.permission.WRITE_EXTERNAL_STORAGE
ADDED from src\main\AndroidManifest.xml:73:5-81
	android:name
		ADDED from src\main\AndroidManifest.xml:73:22-78
uses-permission#android.permission.READ_EXTERNAL_STORAGE
ADDED from src\main\AndroidManifest.xml:74:5-80
	android:name
		ADDED from src\main\AndroidManifest.xml:74:22-77
uses-permission#android.permission.READ_PHONE_STATE
ADDED from src\main\AndroidManifest.xml:75:5-75
	android:name
		ADDED from src\main\AndroidManifest.xml:75:22-72
uses-permission#android.permission.WRITE_INTERNAL_STORAGE
ADDED from src\main\AndroidManifest.xml:76:5-81
	android:name
		ADDED from src\main\AndroidManifest.xml:76:22-78
uses-permission#android.permission.READ_INTERNAL_STORAGE
ADDED from src\main\AndroidManifest.xml:77:5-80
	android:name
		ADDED from src\main\AndroidManifest.xml:77:22-77
uses-permission#android.permission.MOUNT_UNMOUNT_FILESYSTEMS
ADDED from src\main\AndroidManifest.xml:78:5-84
	android:name
		ADDED from src\main\AndroidManifest.xml:78:22-81